c:\codes\visual studio\1512406_1512474\1512406_1512474\debug\1512406_1512474.pch
c:\codes\visual studio\1512406_1512474\1512406_1512474\debug\vc141.pdb
c:\codes\visual studio\1512406_1512474\1512406_1512474\debug\vc141.idb
c:\codes\visual studio\1512406_1512474\1512406_1512474\debug\stdafx.obj
c:\codes\visual studio\1512406_1512474\1512406_1512474\debug\1512406_1512474.obj
c:\codes\visual studio\1512406_1512474\1512406_1512474\debug\support.obj
c:\codes\visual studio\1512406_1512474\1512406_1512474\debug\1512406_1512474.res
c:\codes\visual studio\1512406_1512474\debug\1512406_1512474.pdb
c:\codes\visual studio\1512406_1512474\1512406_1512474\debug\1512406_1512474.tlog\cl.command.1.tlog
c:\codes\visual studio\1512406_1512474\1512406_1512474\debug\1512406_1512474.tlog\cl.read.1.tlog
c:\codes\visual studio\1512406_1512474\1512406_1512474\debug\1512406_1512474.tlog\cl.write.1.tlog
c:\codes\visual studio\1512406_1512474\1512406_1512474\debug\1512406_1512474.tlog\link-cvtres.read.1.tlog
c:\codes\visual studio\1512406_1512474\1512406_1512474\debug\1512406_1512474.tlog\link-cvtres.write.1.tlog
c:\codes\visual studio\1512406_1512474\1512406_1512474\debug\1512406_1512474.tlog\link-mt.read.1.tlog
c:\codes\visual studio\1512406_1512474\1512406_1512474\debug\1512406_1512474.tlog\link-mt.write.1.tlog
c:\codes\visual studio\1512406_1512474\1512406_1512474\debug\1512406_1512474.tlog\link-rc.read.1.tlog
c:\codes\visual studio\1512406_1512474\1512406_1512474\debug\1512406_1512474.tlog\link-rc.write.1.tlog
c:\codes\visual studio\1512406_1512474\1512406_1512474\debug\1512406_1512474.tlog\link.command.1.tlog
c:\codes\visual studio\1512406_1512474\1512406_1512474\debug\1512406_1512474.tlog\link.read.1.tlog
c:\codes\visual studio\1512406_1512474\1512406_1512474\debug\1512406_1512474.tlog\link.write.1.tlog
c:\codes\visual studio\1512406_1512474\1512406_1512474\debug\1512406_1512474.tlog\rc.command.1.tlog
c:\codes\visual studio\1512406_1512474\1512406_1512474\debug\1512406_1512474.tlog\rc.read.1.tlog
c:\codes\visual studio\1512406_1512474\1512406_1512474\debug\1512406_1512474.tlog\rc.write.1.tlog
